<?xml version="1.0" encoding="UTF-8"?>
<!-- Generated by org.testng.reporters.JUnitReportReporter -->
<testsuite hostname="L-INE-20M4PL3" failures="0" tests="2" name="JenkinsDemo.OHRM.ORHRM" time="10.027" errors="0" timestamp="2023-09-07T14:45:52 IST" skipped="0">
  <testcase classname="JenkinsDemo.OHRM.ORHRM" name="TC_01" time="6.607"/>
  <testcase classname="JenkinsDemo.OHRM.ORHRM" name="TC_02" time="3.420"/>
</testsuite> <!-- JenkinsDemo.OHRM.ORHRM -->
